Initialized native services in: C:\Users\jaime\.gradle\native
Initialized jansi services in: C:\Users\jaime\.gradle\native
Found daemon DaemonInfo{pid=18408, address=[848fe829-5dec-428f-afb7-9d6c21389878 port:51778, addresses:[/127.0.0.1]], state=Idle, lastBusy=1772301022153, context=DefaultDaemonContext[uid=6df5a3f7-acef-459f-92ba-19070e847b1c,javaHome=C:\Program Files\Android\Android Studio\jbr,javaVersion=21,javaVendor=JetBrains s.r.o.,daemonRegistryDir=C:\Users\jaime\.gradle\daemon,pid=18408,idleTimeout=10800000,priority=NORMAL,applyInstrumentationAgent=true,nativeServicesMode=ENABLED,daemonOpts=-Xmx2048m,-Dfile.encoding=UTF-8,-Duser.country=ES,-Duser.language=es,-Duser.variant]} however its context does not match the desired criteria.
JVM is incompatible.
Wanted: DaemonRequestContext{jvmCriteria=C:\Program Files\Java\jdk-24 (no JDK specified, using current Java home), daemonOpts=[-Xmx2048m, -Dfile.encoding=UTF-8, -Duser.country=ES, -Duser.language=es, -Duser.variant], applyInstrumentationAgent=true, nativeServicesMode=ENABLED, priority=NORMAL}
Actual: DefaultDaemonContext[uid=6df5a3f7-acef-459f-92ba-19070e847b1c,javaHome=C:\Program Files\Android\Android Studio\jbr,javaVersion=21,javaVendor=JetBrains s.r.o.,daemonRegistryDir=C:\Users\jaime\.gradle\daemon,pid=18408,idleTimeout=10800000,priority=NORMAL,applyInstrumentationAgent=true,nativeServicesMode=ENABLED,daemonOpts=-Xmx2048m,-Dfile.encoding=UTF-8,-Duser.country=ES,-Duser.language=es,-Duser.variant]

  Looking for a different daemon...
Found daemon DaemonInfo{pid=10012, address=[45b53f2f-37b7-4f62-8704-45203a246ce3 port:57201, addresses:[/127.0.0.1]], state=Idle, lastBusy=1772301334701, context=DefaultDaemonContext[uid=24f9796b-fd0b-4600-b610-e6240cae8774,javaHome=C:\Users\jaime\.antigravity\extensions\redhat.java-1.51.0-win32-x64\jre\21.0.9-win32-x86_64,javaVersion=21,javaVendor=Eclipse Adoptium,daemonRegistryDir=C:\Users\jaime\.gradle\daemon,pid=10012,idleTimeout=10800000,priority=NORMAL,applyInstrumentationAgent=true,nativeServicesMode=ENABLED,daemonOpts=-Xmx2048m,-Dfile.encoding=UTF-8,-Duser.country=ES,-Duser.language=es,-Duser.variant]} however its context does not match the desired criteria.
JVM is incompatible.
Wanted: DaemonRequestContext{jvmCriteria=C:\Program Files\Java\jdk-24 (no JDK specified, using current Java home), daemonOpts=[-Xmx2048m, -Dfile.encoding=UTF-8, -Duser.country=ES, -Duser.language=es, -Duser.variant], applyInstrumentationAgent=true, nativeServicesMode=ENABLED, priority=NORMAL}
Actual: DefaultDaemonContext[uid=24f9796b-fd0b-4600-b610-e6240cae8774,javaHome=C:\Users\jaime\.antigravity\extensions\redhat.java-1.51.0-win32-x64\jre\21.0.9-win32-x86_64,javaVersion=21,javaVendor=Eclipse Adoptium,daemonRegistryDir=C:\Users\jaime\.gradle\daemon,pid=10012,idleTimeout=10800000,priority=NORMAL,applyInstrumentationAgent=true,nativeServicesMode=ENABLED,daemonOpts=-Xmx2048m,-Dfile.encoding=UTF-8,-Duser.country=ES,-Duser.language=es,-Duser.variant]

  Looking for a different daemon...
Found daemon DaemonInfo{pid=35380, address=[84227704-a466-4898-a67b-c41816ab023a port:63690, addresses:[/127.0.0.1]], state=Idle, lastBusy=1772301325482, context=DefaultDaemonContext[uid=a0cedc50-4029-4e1d-b61a-866a95ca2d57,javaHome=C:\Users\jaime\.antigravity\extensions\redhat.java-1.53.0-win32-x64\jre\21.0.10-win32-x86_64,javaVersion=21,javaVendor=Eclipse Adoptium,daemonRegistryDir=C:\Users\jaime\.gradle\daemon,pid=35380,idleTimeout=10800000,priority=NORMAL,applyInstrumentationAgent=true,nativeServicesMode=ENABLED,daemonOpts=-Xmx2048m,-Dfile.encoding=UTF-8,-Duser.country=ES,-Duser.language=es,-Duser.variant]} however its context does not match the desired criteria.
JVM is incompatible.
Wanted: DaemonRequestContext{jvmCriteria=C:\Program Files\Java\jdk-24 (no JDK specified, using current Java home), daemonOpts=[-Xmx2048m, -Dfile.encoding=UTF-8, -Duser.country=ES, -Duser.language=es, -Duser.variant], applyInstrumentationAgent=true, nativeServicesMode=ENABLED, priority=NORMAL}
Actual: DefaultDaemonContext[uid=a0cedc50-4029-4e1d-b61a-866a95ca2d57,javaHome=C:\Users\jaime\.antigravity\extensions\redhat.java-1.53.0-win32-x64\jre\21.0.10-win32-x86_64,javaVersion=21,javaVendor=Eclipse Adoptium,daemonRegistryDir=C:\Users\jaime\.gradle\daemon,pid=35380,idleTimeout=10800000,priority=NORMAL,applyInstrumentationAgent=true,nativeServicesMode=ENABLED,daemonOpts=-Xmx2048m,-Dfile.encoding=UTF-8,-Duser.country=ES,-Duser.language=es,-Duser.variant]

  Looking for a different daemon...
The client will now receive all logging from the daemon (pid: 14140). The daemon log file: C:\Users\jaime\.gradle\daemon\8.13\daemon-14140.out.log
Starting 5th build in daemon [uptime: 8 mins 14.027 secs, performance: 99%, GC rate: 0.00/s, heap usage: 0% of 2 GiB]
Using 20 worker leases.
Now considering [C:\Users\jaime\AndroidStudioProjects\FitTrack] as hierarchies to watch
Watching the file system is configured to be enabled if available
File system watching is active
Starting Build
Settings evaluated using settings file 'C:\Users\jaime\AndroidStudioProjects\FitTrack\settings.gradle.kts'.
Projects loaded. Root project using build file 'C:\Users\jaime\AndroidStudioProjects\FitTrack\build.gradle.kts'.
Included projects: [root project 'FitTrack', project ':app']

> Configure project :
Evaluating root project 'FitTrack' using build file 'C:\Users\jaime\AndroidStudioProjects\FitTrack\build.gradle.kts'.
Resolved plugin [id: 'com.android.application', version: '8.13.2', apply: false]
Resolved plugin [id: 'org.jetbrains.kotlin.android', version: '1.9.22', apply: false]
Resolved plugin [id: 'com.google.dagger.hilt.android', version: '2.51.1', apply: false]
Resolved plugin [id: 'androidx.navigation.safeargs.kotlin', version: '2.8.8', apply: false]
Resolved plugin [id: 'com.google.gms.google-services', version: '4.4.2', apply: false]

> Configure project :app
Evaluating project ':app' using build file 'C:\Users\jaime\AndroidStudioProjects\FitTrack\app\build.gradle.kts'.
Resolved plugin [id: 'com.android.application', version: '8.13.2']
Resolved plugin [id: 'org.jetbrains.kotlin.android', version: '1.9.22']
Resolved plugin [id: 'kotlin-kapt']
Resolved plugin [id: 'com.google.dagger.hilt.android']
Resolved plugin [id: 'androidx.navigation.safeargs.kotlin']
Resolved plugin [id: 'com.google.gms.google-services']
Using default execution profile
Using Kotlin Gradle Plugin gradle82 variant
All projects evaluated.
Task path 'app:kaptDebugKotlin' matched project ':app'
Task name matched 'kaptDebugKotlin'
Selected primary task 'kaptDebugKotlin' from project :app
Tasks to be executed: [task ':app:checkKotlinGradlePluginConfigurationErrors', task ':app:preBuild', task ':app:preDebugBuild', task ':app:dataBindingMergeDependencyArtifactsDebug', task ':app:generateDebugResValues', task ':app:generateDebugResources', task ':app:processDebugGoogleServices', task ':app:mergeDebugResources', task ':app:packageDebugResources', task ':app:processDebugNavigationResources', task ':app:parseDebugLocalResources', task ':app:dataBindingGenBaseClassesDebug', task ':app:generateDebugBuildConfig', task ':app:generateSafeArgsDebug', task ':app:checkDebugAarMetadata', task ':app:compileDebugNavigationResources', task ':app:mapDebugSourceSetPaths', task ':app:createDebugCompatibleScreenManifests', task ':app:extractDeepLinksDebug', task ':app:processDebugMainManifest', task ':app:processDebugManifest', task ':app:processDebugManifestForPackage', task ':app:processDebugResources', task ':app:kaptGenerateStubsDebugKotlin', task ':app:kaptDebugKotlin']
Tasks that were excluded: []
Resolve mutations for :app:checkKotlinGradlePluginConfigurationErrors (Thread[#830,Execution worker,5,main]) started.
:app:checkKotlinGradlePluginConfigurationErrors (Thread[#830,Execution worker,5,main]) started.

> Task :app:checkKotlinGradlePluginConfigurationErrors
Caching disabled for task ':app:checkKotlinGradlePluginConfigurationErrors' because:
  Build cache is disabled
Task ':app:checkKotlinGradlePluginConfigurationErrors' is not up-to-date because:
  Task has not declared any outputs despite executing actions.
Resolve mutations for :app:preBuild (Thread[#829,included builds,5,main]) started.
:app:preBuild (Thread[#829,included builds,5,main]) started.

> Task :app:preBuild UP-TO-DATE
Skipping task ':app:preBuild' as it has no actions.
Resolve mutations for :app:preDebugBuild (Thread[#829,included builds,5,main]) started.
:app:preDebugBuild (Thread[#829,included builds,5,main]) started.

> Task :app:preDebugBuild UP-TO-DATE
Skipping task ':app:preDebugBuild' as it has no actions.
Resolve mutations for :app:dataBindingMergeDependencyArtifactsDebug (Thread[#829,included builds,5,main]) started.
:app:dataBindingMergeDependencyArtifactsDebug (Thread[#829,included builds,5,main]) started.

> Task :app:dataBindingMergeDependencyArtifactsDebug UP-TO-DATE
Registered task dependencies: app:debugCompileClasspath
Skipping misunderstood TO dep string: org.jetbrains.kotlin:kotlin-stdlib
Skipping misunderstood TO dep string: org.jetbrains.kotlin:kotlin-stdlib
Skipping misunderstood TO dep string: org.jetbrains.kotlin:kotlin-stdlib
Skipping misunderstood TO dep string: org.jetbrains.kotlin:kotlin-stdlib
Skipping misunderstood TO dep string: com.google.firebase:firebase-auth
Starting dependency analysis
Caching disabled for task ':app:dataBindingMergeDependencyArtifactsDebug' because:
  Build cache is disabled
  Caching has been disabled for the task
Skipping task ':app:dataBindingMergeDependencyArtifactsDebug' as it is up-to-date.
Resolve mutations for :app:generateDebugResValues (Thread[#829,included builds,5,main]) started.
:app:generateDebugResValues (Thread[#829,included builds,5,main]) started.

> Task :app:generateDebugResValues UP-TO-DATE
Caching disabled for task ':app:generateDebugResValues' because:
  Build cache is disabled
Skipping task ':app:generateDebugResValues' as it is up-to-date.
Resolve mutations for :app:generateDebugResources (Thread[#829,included builds,5,main]) started.
:app:generateDebugResources (Thread[#829,included builds,5,main]) started.

> Task :app:generateDebugResources UP-TO-DATE
Caching disabled for task ':app:generateDebugResources' because:
  Build cache is disabled
Skipping task ':app:generateDebugResources' as it is up-to-date.
Resolve mutations for :app:processDebugGoogleServices (Thread[#829,included builds,5,main]) started.
:app:processDebugGoogleServices (Thread[#829,included builds,5,main]) started.

> Task :app:processDebugGoogleServices UP-TO-DATE
Caching disabled for task ':app:processDebugGoogleServices' because:
  Build cache is disabled
Skipping task ':app:processDebugGoogleServices' as it is up-to-date.
Resolve mutations for :app:mergeDebugResources (Thread[#829,included builds,5,main]) started.
:app:mergeDebugResources (Thread[#829,included builds,5,main]) started.

> Task :app:mergeDebugResources UP-TO-DATE
Caching disabled for task ':app:mergeDebugResources' because:
  Build cache is disabled
Skipping task ':app:mergeDebugResources' as it is up-to-date.
Resolve mutations for :app:packageDebugResources (Thread[#829,included builds,5,main]) started.
:app:packageDebugResources (Thread[#829,included builds,5,main]) started.

> Task :app:packageDebugResources UP-TO-DATE
Caching disabled for task ':app:packageDebugResources' because:
  Build cache is disabled
Skipping task ':app:packageDebugResources' as it is up-to-date.
Resolve mutations for :app:processDebugNavigationResources (Thread[#840,Execution worker Thread 11,5,main]) started.
:app:processDebugNavigationResources (Thread[#840,Execution worker Thread 11,5,main]) started.

> Task :app:processDebugNavigationResources UP-TO-DATE
Caching disabled for task ':app:processDebugNavigationResources' because:
  Build cache is disabled
Skipping task ':app:processDebugNavigationResources' as it is up-to-date.
Resolve mutations for :app:parseDebugLocalResources (Thread[#829,included builds,5,main]) started.
:app:parseDebugLocalResources (Thread[#829,included builds,5,main]) started.

> Task :app:parseDebugLocalResources UP-TO-DATE
Caching disabled for task ':app:parseDebugLocalResources' because:
  Build cache is disabled
Skipping task ':app:parseDebugLocalResources' as it is up-to-date.
Resolve mutations for :app:dataBindingGenBaseClassesDebug (Thread[#829,included builds,5,main]) started.
:app:dataBindingGenBaseClassesDebug (Thread[#829,included builds,5,main]) started.

> Task :app:dataBindingGenBaseClassesDebug UP-TO-DATE
Caching disabled for task ':app:dataBindingGenBaseClassesDebug' because:
  Build cache is disabled
Skipping task ':app:dataBindingGenBaseClassesDebug' as it is up-to-date.
Resolve mutations for :app:generateDebugBuildConfig (Thread[#829,included builds,5,main]) started.
:app:generateDebugBuildConfig (Thread[#829,included builds,5,main]) started.

> Task :app:generateDebugBuildConfig UP-TO-DATE
Caching disabled for task ':app:generateDebugBuildConfig' because:
  Build cache is disabled
Skipping task ':app:generateDebugBuildConfig' as it is up-to-date.
Resolve mutations for :app:generateSafeArgsDebug (Thread[#829,included builds,5,main]) started.
:app:generateSafeArgsDebug (Thread[#845,Execution worker Thread 16,5,main]) started.

> Task :app:generateSafeArgsDebug UP-TO-DATE
Caching disabled for task ':app:generateSafeArgsDebug' because:
  Build cache is disabled
Skipping task ':app:generateSafeArgsDebug' as it is up-to-date.
Resolve mutations for :app:checkDebugAarMetadata (Thread[#845,Execution worker Thread 16,5,main]) started.
:app:checkDebugAarMetadata (Thread[#845,Execution worker Thread 16,5,main]) started.

> Task :app:checkDebugAarMetadata UP-TO-DATE
Caching disabled for task ':app:checkDebugAarMetadata' because:
  Build cache is disabled
  Caching has been disabled for the task
Skipping task ':app:checkDebugAarMetadata' as it is up-to-date.
Resolve mutations for :app:compileDebugNavigationResources (Thread[#829,included builds,5,main]) started.
:app:compileDebugNavigationResources (Thread[#829,included builds,5,main]) started.

> Task :app:compileDebugNavigationResources UP-TO-DATE
Caching disabled for task ':app:compileDebugNavigationResources' because:
  Build cache is disabled
Skipping task ':app:compileDebugNavigationResources' as it is up-to-date.
Resolve mutations for :app:mapDebugSourceSetPaths (Thread[#829,included builds,5,main]) started.
:app:mapDebugSourceSetPaths (Thread[#829,included builds,5,main]) started.

> Task :app:mapDebugSourceSetPaths UP-TO-DATE
Caching disabled for task ':app:mapDebugSourceSetPaths' because:
  Build cache is disabled
  Caching has been disabled for the task
Skipping task ':app:mapDebugSourceSetPaths' as it is up-to-date.
Resolve mutations for :app:createDebugCompatibleScreenManifests (Thread[#829,included builds,5,main]) started.
:app:createDebugCompatibleScreenManifests (Thread[#829,included builds,5,main]) started.

> Task :app:createDebugCompatibleScreenManifests UP-TO-DATE
Caching disabled for task ':app:createDebugCompatibleScreenManifests' because:
  Build cache is disabled
  Caching has been disabled for the task
Skipping task ':app:createDebugCompatibleScreenManifests' as it is up-to-date.
Resolve mutations for :app:extractDeepLinksDebug (Thread[#829,included builds,5,main]) started.
:app:extractDeepLinksDebug (Thread[#829,included builds,5,main]) started.

> Task :app:extractDeepLinksDebug UP-TO-DATE
Caching disabled for task ':app:extractDeepLinksDebug' because:
  Build cache is disabled
Skipping task ':app:extractDeepLinksDebug' as it is up-to-date.
Resolve mutations for :app:processDebugMainManifest (Thread[#829,included builds,5,main]) started.
:app:processDebugMainManifest (Thread[#829,included builds,5,main]) started.

> Task :app:processDebugMainManifest UP-TO-DATE
Caching disabled for task ':app:processDebugMainManifest' because:
  Build cache is disabled
Skipping task ':app:processDebugMainManifest' as it is up-to-date.
Resolve mutations for :app:processDebugManifest (Thread[#829,included builds,5,main]) started.
:app:processDebugManifest (Thread[#829,included builds,5,main]) started.

> Task :app:processDebugManifest UP-TO-DATE
Caching disabled for task ':app:processDebugManifest' because:
  Build cache is disabled
Skipping task ':app:processDebugManifest' as it is up-to-date.
Resolve mutations for :app:processDebugManifestForPackage (Thread[#845,Execution worker Thread 16,5,main]) started.
:app:processDebugManifestForPackage (Thread[#845,Execution worker Thread 16,5,main]) started.

> Task :app:processDebugManifestForPackage UP-TO-DATE
Custom actions are attached to task ':app:processDebugManifestForPackage'.
Caching disabled for task ':app:processDebugManifestForPackage' because:
  Build cache is disabled
Skipping task ':app:processDebugManifestForPackage' as it is up-to-date.
Resolve mutations for :app:processDebugResources (Thread[#845,Execution worker Thread 16,5,main]) started.
:app:processDebugResources (Thread[#829,included builds,5,main]) started.

> Task :app:processDebugResources UP-TO-DATE
Caching disabled for task ':app:processDebugResources' because:
  Build cache is disabled
Skipping task ':app:processDebugResources' as it is up-to-date.
Resolve mutations for :app:kaptGenerateStubsDebugKotlin (Thread[#829,included builds,5,main]) started.
:app:kaptGenerateStubsDebugKotlin (Thread[#829,included builds,5,main]) started.

> Task :app:kaptGenerateStubsDebugKotlin UP-TO-DATE
Registered task dependencies: app:kotlinCompilerClasspath
Starting dependency analysis
Registered task dependencies: app:kotlinCompilerPluginClasspathDebug
Starting dependency analysis
Caching disabled for task ':app:kaptGenerateStubsDebugKotlin' because:
  Build cache is disabled
Skipping task ':app:kaptGenerateStubsDebugKotlin' as it is up-to-date.
Resolve mutations for :app:kaptDebugKotlin (Thread[#829,included builds,5,main]) started.
:app:kaptDebugKotlin (Thread[#829,included builds,5,main]) started.

> Task :app:kaptDebugKotlin
file or directory 'C:\Users\jaime\AndroidStudioProjects\FitTrack\app\src\debug\kotlin', not found
file or directory 'C:\Users\jaime\AndroidStudioProjects\FitTrack\app\src\debug\kotlin', not found
file or directory 'C:\Users\jaime\AndroidStudioProjects\FitTrack\app\src\debug\java', not found
file or directory 'C:\Users\jaime\AndroidStudioProjects\FitTrack\app\src\debug\java', not found
file or directory 'C:\Users\jaime\AndroidStudioProjects\FitTrack\app\src\debug\kotlin', not found
file or directory 'C:\Users\jaime\AndroidStudioProjects\FitTrack\app\src\debug\java', not found
file or directory 'C:\Users\jaime\AndroidStudioProjects\FitTrack\app\src\main\kotlin', not found
file or directory 'C:\Users\jaime\AndroidStudioProjects\FitTrack\app\src\main\kotlin', not found
file or directory 'C:\Users\jaime\AndroidStudioProjects\FitTrack\app\src\main\kotlin', not found
file or directory 'C:\Users\jaime\AndroidStudioProjects\FitTrack\app\src\main\kotlin', not found
file or directory 'C:\Users\jaime\AndroidStudioProjects\FitTrack\app\src\main\kotlin', not found
file or directory 'C:\Users\jaime\AndroidStudioProjects\FitTrack\app\src\main\kotlin', not found
file or directory 'C:\Users\jaime\AndroidStudioProjects\FitTrack\app\src\debug\kotlin', not found
file or directory 'C:\Users\jaime\AndroidStudioProjects\FitTrack\app\src\debug\kotlin', not found
file or directory 'C:\Users\jaime\AndroidStudioProjects\FitTrack\app\src\debug\java', not found
file or directory 'C:\Users\jaime\AndroidStudioProjects\FitTrack\app\src\debug\java', not found
file or directory 'C:\Users\jaime\AndroidStudioProjects\FitTrack\app\src\debug\kotlin', not found
file or directory 'C:\Users\jaime\AndroidStudioProjects\FitTrack\app\src\debug\java', not found
file or directory 'C:\Users\jaime\AndroidStudioProjects\FitTrack\app\src\debug\java', not found
Caching disabled for task ':app:kaptDebugKotlin' because:
  Build cache is disabled
Task ':app:kaptDebugKotlin' is not up-to-date because:
  Task has failed previously.
The input changes require a full rebuild for incremental task ':app:kaptDebugKotlin'.
Running kapt annotation processing using the Gradle Worker API
Using workers NONE isolation mode to run kapt

> Task :app:kaptDebugKotlin FAILED

[Incubating] Problems report is available at: file:///C:/Users/jaime/AndroidStudioProjects/FitTrack/build/reports/problems/problems-report.html

FAILURE: Build failed with an exception.

* What went wrong:
Execution failed for task ':app:kaptDebugKotlin'.
> A failure occurred while executing org.jetbrains.kotlin.gradle.internal.KaptWithoutKotlincTask$KaptExecutionWorkAction

* Try:
> Run with --stacktrace option to get the stack trace.
> Run with --debug option to get more log output.
> Run with --scan to get full insights.
> Get more help at https://help.gradle.org.

Deprecated Gradle features were used in this build, making it incompatible with Gradle 9.0.

You can use '--warning-mode all' to show the individual deprecation warnings and determine if they come from your own scripts or plugins.

For more on this, please refer to https://docs.gradle.org/8.13/userguide/command_line_interface.html#sec:command_line_warnings in the Gradle documentation.

BUILD FAILED in 4s
23 actionable tasks: 2 executed, 21 up-to-date
Watched directory hierarchies: [C:\Users\jaime\AndroidStudioProjects\FitTrack]
